player initial finish
=> Restore ./models/logs_m_2/q_2/t_2/l_0/latency_Nones/model-40000.pth
Episode starts from:  40001
episode: 40100
=> Save ./models/logs_m_2/q_2/t_2/l_0/latency_Nones/model-40100.pth
episode: 40200
=> Save ./models/logs_m_2/q_2/t_2/l_0/latency_Nones/model-40200.pth
episode: 40300
=> Save ./models/logs_m_2/q_2/t_2/l_0/latency_Nones/model-40300.pth
episode: 40400
=> Save ./models/logs_m_2/q_2/t_2/l_0/latency_Nones/model-40400.pth
episode: 40500
=> Save ./models/logs_m_2/q_2/t_2/l_0/latency_Nones/model-40500.pth
Episode: 40500 Reward: -388.755 Loss: 45.469
episode: 40600
=> Save ./models/logs_m_2/q_2/t_2/l_0/latency_Nones/model-40600.pth
episode: 40700
=> Save ./models/logs_m_2/q_2/t_2/l_0/latency_Nones/model-40700.pth
episode: 40800
=> Save ./models/logs_m_2/q_2/t_2/l_0/latency_Nones/model-40800.pth
episode: 40900
=> Save ./models/logs_m_2/q_2/t_2/l_0/latency_Nones/model-40900.pth
episode: 41000
=> Save ./models/logs_m_2/q_2/t_2/l_0/latency_Nones/model-41000.pth
Episode: 41000 Reward: -46.898 Loss: 17.721
episode: 41100
=> Save ./models/logs_m_2/q_2/t_2/l_0/latency_Nones/model-41100.pth
episode: 41200
=> Save ./models/logs_m_2/q_2/t_2/l_0/latency_Nones/model-41200.pth
episode: 41300
=> Save ./models/logs_m_2/q_2/t_2/l_0/latency_Nones/model-41300.pth
episode: 41400
=> Save ./models/logs_m_2/q_2/t_2/l_0/latency_Nones/model-41400.pth
episode: 41500
=> Save ./models/logs_m_2/q_2/t_2/l_0/latency_Nones/model-41500.pth
Episode: 41500 Reward: -119.591 Loss: 13.442
episode: 41600
=> Save ./models/logs_m_2/q_2/t_2/l_0/latency_Nones/model-41600.pth
episode: 41700
=> Save ./models/logs_m_2/q_2/t_2/l_0/latency_Nones/model-41700.pth
episode: 41800
=> Save ./models/logs_m_2/q_2/t_2/l_0/latency_Nones/model-41800.pth
episode: 41900
=> Save ./models/logs_m_2/q_2/t_2/l_0/latency_Nones/model-41900.pth
episode: 42000
=> Save ./models/logs_m_2/q_2/t_2/l_0/latency_Nones/model-42000.pth
Episode: 42000 Reward: -398.785 Loss: 43.350
