player initial finish
=> Restore ./models/logs_m_2/q_2/t_2/l_0/latency_Nones/model-42000.pth
Episode starts from:  42001
episode: 42100
=> Save ./models/logs_m_2/q_2/t_2/l_0/latency_Nones/model-42100.pth
episode: 42200
=> Save ./models/logs_m_2/q_2/t_2/l_0/latency_Nones/model-42200.pth
episode: 42300
=> Save ./models/logs_m_2/q_2/t_2/l_0/latency_Nones/model-42300.pth
episode: 42400
=> Save ./models/logs_m_2/q_2/t_2/l_0/latency_Nones/model-42400.pth
episode: 42500
=> Save ./models/logs_m_2/q_2/t_2/l_0/latency_Nones/model-42500.pth
Episode: 42500 Reward: -90.802 Loss: 20.674
episode: 42600
=> Save ./models/logs_m_2/q_2/t_2/l_0/latency_Nones/model-42600.pth
episode: 42700
=> Save ./models/logs_m_2/q_2/t_2/l_0/latency_Nones/model-42700.pth
episode: 42800
=> Save ./models/logs_m_2/q_2/t_2/l_0/latency_Nones/model-42800.pth
episode: 42900
=> Save ./models/logs_m_2/q_2/t_2/l_0/latency_Nones/model-42900.pth
episode: 43000
=> Save ./models/logs_m_2/q_2/t_2/l_0/latency_Nones/model-43000.pth
Episode: 43000 Reward: 256.333 Loss: 40.817
episode: 43100
=> Save ./models/logs_m_2/q_2/t_2/l_0/latency_Nones/model-43100.pth
episode: 43200
=> Save ./models/logs_m_2/q_2/t_2/l_0/latency_Nones/model-43200.pth
episode: 43300
=> Save ./models/logs_m_2/q_2/t_2/l_0/latency_Nones/model-43300.pth
episode: 43400
=> Save ./models/logs_m_2/q_2/t_2/l_0/latency_Nones/model-43400.pth
episode: 43500
=> Save ./models/logs_m_2/q_2/t_2/l_0/latency_Nones/model-43500.pth
Episode: 43500 Reward: -284.715 Loss: 20.587
episode: 43600
=> Save ./models/logs_m_2/q_2/t_2/l_0/latency_Nones/model-43600.pth
episode: 43700
=> Save ./models/logs_m_2/q_2/t_2/l_0/latency_Nones/model-43700.pth
episode: 43800
=> Save ./models/logs_m_2/q_2/t_2/l_0/latency_Nones/model-43800.pth
episode: 43900
=> Save ./models/logs_m_2/q_2/t_2/l_0/latency_Nones/model-43900.pth
episode: 44000
=> Save ./models/logs_m_2/q_2/t_2/l_0/latency_Nones/model-44000.pth
Episode: 44000 Reward: 474.322 Loss: 39.252
