player initial finish
Episode starts from:  1
episode: 500
=> Save ./models/logs_m_2/q_2/t_2/l_0/latency_Nones/model-500.pth
Episode: 500 Reward: -1023.084 Loss: 30.645
episode: 1000
=> Save ./models/logs_m_2/q_2/t_2/l_0/latency_Nones/model-1000.pth
Episode: 1000 Reward: -876.938 Loss: 35.887
episode: 1500
=> Save ./models/logs_m_2/q_2/t_2/l_0/latency_Nones/model-1500.pth
Episode: 1500 Reward: -811.582 Loss: 36.432
episode: 2000
=> Save ./models/logs_m_2/q_2/t_2/l_0/latency_Nones/model-2000.pth
Episode: 2000 Reward: -657.588 Loss: 569.654
episode: 2500
=> Save ./models/logs_m_2/q_2/t_2/l_0/latency_Nones/model-2500.pth
Episode: 2500 Reward: -1079.780 Loss: 65.828
episode: 3000
=> Save ./models/logs_m_2/q_2/t_2/l_0/latency_Nones/model-3000.pth
Episode: 3000 Reward: -735.462 Loss: 90.721
episode: 3500
=> Save ./models/logs_m_2/q_2/t_2/l_0/latency_Nones/model-3500.pth
Episode: 3500 Reward: -798.657 Loss: 109.997
episode: 4000
=> Save ./models/logs_m_2/q_2/t_2/l_0/latency_Nones/model-4000.pth
Episode: 4000 Reward: -829.806 Loss: 173.283
episode: 4500
=> Save ./models/logs_m_2/q_2/t_2/l_0/latency_Nones/model-4500.pth
Episode: 4500 Reward: -774.979 Loss: 9.899
episode: 5000
=> Save ./models/logs_m_2/q_2/t_2/l_0/latency_Nones/model-5000.pth
Episode: 5000 Reward: -1061.983 Loss: 117.097
episode: 5500
=> Save ./models/logs_m_2/q_2/t_2/l_0/latency_Nones/model-5500.pth
Episode: 5500 Reward: -698.577 Loss: 65.890
episode: 6000
=> Save ./models/logs_m_2/q_2/t_2/l_0/latency_Nones/model-6000.pth
Episode: 6000 Reward: -546.741 Loss: 42.330
episode: 6500
=> Save ./models/logs_m_2/q_2/t_2/l_0/latency_Nones/model-6500.pth
Episode: 6500 Reward: -963.713 Loss: 50.932
episode: 7000
=> Save ./models/logs_m_2/q_2/t_2/l_0/latency_Nones/model-7000.pth
Episode: 7000 Reward: -4464.538 Loss: 111.421
episode: 7500
=> Save ./models/logs_m_2/q_2/t_2/l_0/latency_Nones/model-7500.pth
Episode: 7500 Reward: -1107.977 Loss: 90.977
episode: 8000
=> Save ./models/logs_m_2/q_2/t_2/l_0/latency_Nones/model-8000.pth
Episode: 8000 Reward: -585.015 Loss: 33.592
episode: 8500
=> Save ./models/logs_m_2/q_2/t_2/l_0/latency_Nones/model-8500.pth
Episode: 8500 Reward: -620.626 Loss: 36.317
episode: 9000
=> Save ./models/logs_m_2/q_2/t_2/l_0/latency_Nones/model-9000.pth
Episode: 9000 Reward: -1713.707 Loss: 43.577
episode: 9500
=> Save ./models/logs_m_2/q_2/t_2/l_0/latency_Nones/model-9500.pth
Episode: 9500 Reward: -493.453 Loss: 37.379
episode: 10000
=> Save ./models/logs_m_2/q_2/t_2/l_0/latency_Nones/model-10000.pth
Episode: 10000 Reward: -349.187 Loss: 26.112
episode: 10500
=> Save ./models/logs_m_2/q_2/t_2/l_0/latency_Nones/model-10500.pth
Episode: 10500 Reward: -512.646 Loss: 41.979
episode: 11000
=> Save ./models/logs_m_2/q_2/t_2/l_0/latency_Nones/model-11000.pth
Episode: 11000 Reward: -1736.395 Loss: 35.889
episode: 11500
=> Save ./models/logs_m_2/q_2/t_2/l_0/latency_Nones/model-11500.pth
Episode: 11500 Reward: -355.510 Loss: 23.885
episode: 12000
=> Save ./models/logs_m_2/q_2/t_2/l_0/latency_Nones/model-12000.pth
Episode: 12000 Reward: -1433.263 Loss: 67.205
episode: 12500
=> Save ./models/logs_m_2/q_2/t_2/l_0/latency_Nones/model-12500.pth
Episode: 12500 Reward: -785.541 Loss: 44.218
episode: 13000
=> Save ./models/logs_m_2/q_2/t_2/l_0/latency_Nones/model-13000.pth
Episode: 13000 Reward: -455.443 Loss: 25.749
episode: 13500
=> Save ./models/logs_m_2/q_2/t_2/l_0/latency_Nones/model-13500.pth
Episode: 13500 Reward: -1787.022 Loss: 44.886
episode: 14000
=> Save ./models/logs_m_2/q_2/t_2/l_0/latency_Nones/model-14000.pth
Episode: 14000 Reward: -687.698 Loss: 42.573
episode: 14500
=> Save ./models/logs_m_2/q_2/t_2/l_0/latency_Nones/model-14500.pth
Episode: 14500 Reward: -1185.103 Loss: 29.827
episode: 15000
=> Save ./models/logs_m_2/q_2/t_2/l_0/latency_Nones/model-15000.pth
Episode: 15000 Reward: -465.026 Loss: 15.863
episode: 15500
=> Save ./models/logs_m_2/q_2/t_2/l_0/latency_Nones/model-15500.pth
Episode: 15500 Reward: -289.838 Loss: 36.515
episode: 16000
=> Save ./models/logs_m_2/q_2/t_2/l_0/latency_Nones/model-16000.pth
Episode: 16000 Reward: -806.911 Loss: 31.238
episode: 16500
=> Save ./models/logs_m_2/q_2/t_2/l_0/latency_Nones/model-16500.pth
Episode: 16500 Reward: -357.625 Loss: 73.514
episode: 17000
=> Save ./models/logs_m_2/q_2/t_2/l_0/latency_Nones/model-17000.pth
Episode: 17000 Reward: -637.773 Loss: 24.025
episode: 17500
=> Save ./models/logs_m_2/q_2/t_2/l_0/latency_Nones/model-17500.pth
Episode: 17500 Reward: -772.424 Loss: 74.472
episode: 18000
=> Save ./models/logs_m_2/q_2/t_2/l_0/latency_Nones/model-18000.pth
Episode: 18000 Reward: -191.844 Loss: 22.473
episode: 18500
=> Save ./models/logs_m_2/q_2/t_2/l_0/latency_Nones/model-18500.pth
Episode: 18500 Reward: -1295.484 Loss: 42.419
episode: 19000
=> Save ./models/logs_m_2/q_2/t_2/l_0/latency_Nones/model-19000.pth
Episode: 19000 Reward: -106.010 Loss: 17.284
episode: 19500
=> Save ./models/logs_m_2/q_2/t_2/l_0/latency_Nones/model-19500.pth
Episode: 19500 Reward: -216.476 Loss: 25.399
episode: 20000
=> Save ./models/logs_m_2/q_2/t_2/l_0/latency_Nones/model-20000.pth
Episode: 20000 Reward: -80.209 Loss: 30.305
episode: 20500
=> Save ./models/logs_m_2/q_2/t_2/l_0/latency_Nones/model-20500.pth
Episode: 20500 Reward: -1221.682 Loss: 33.134
episode: 21000
=> Save ./models/logs_m_2/q_2/t_2/l_0/latency_Nones/model-21000.pth
Episode: 21000 Reward: -429.841 Loss: 28.282
episode: 21500
=> Save ./models/logs_m_2/q_2/t_2/l_0/latency_Nones/model-21500.pth
Episode: 21500 Reward: -41.047 Loss: 40.849
episode: 22000
=> Save ./models/logs_m_2/q_2/t_2/l_0/latency_Nones/model-22000.pth
Episode: 22000 Reward: -32.315 Loss: 47.882
episode: 22500
=> Save ./models/logs_m_2/q_2/t_2/l_0/latency_Nones/model-22500.pth
Episode: 22500 Reward: -435.308 Loss: 56.463
episode: 23000
=> Save ./models/logs_m_2/q_2/t_2/l_0/latency_Nones/model-23000.pth
Episode: 23000 Reward: -126.518 Loss: 33.880
episode: 23500
=> Save ./models/logs_m_2/q_2/t_2/l_0/latency_Nones/model-23500.pth
Episode: 23500 Reward: -215.337 Loss: 35.684
episode: 24000
=> Save ./models/logs_m_2/q_2/t_2/l_0/latency_Nones/model-24000.pth
Episode: 24000 Reward: -51.065 Loss: 41.273
episode: 24500
=> Save ./models/logs_m_2/q_2/t_2/l_0/latency_Nones/model-24500.pth
Episode: 24500 Reward: -1393.093 Loss: 47.252
episode: 25000
=> Save ./models/logs_m_2/q_2/t_2/l_0/latency_Nones/model-25000.pth
Episode: 25000 Reward: -182.360 Loss: 30.289
episode: 25500
=> Save ./models/logs_m_2/q_2/t_2/l_0/latency_Nones/model-25500.pth
Episode: 25500 Reward: -503.225 Loss: 38.045
episode: 26000
=> Save ./models/logs_m_2/q_2/t_2/l_0/latency_Nones/model-26000.pth
Episode: 26000 Reward: -1302.635 Loss: 64.872
episode: 26500
=> Save ./models/logs_m_2/q_2/t_2/l_0/latency_Nones/model-26500.pth
Episode: 26500 Reward: -1252.074 Loss: 41.704
episode: 27000
=> Save ./models/logs_m_2/q_2/t_2/l_0/latency_Nones/model-27000.pth
Episode: 27000 Reward: -172.140 Loss: 41.720
episode: 27500
=> Save ./models/logs_m_2/q_2/t_2/l_0/latency_Nones/model-27500.pth
Episode: 27500 Reward: -29.671 Loss: 44.066
episode: 28000
=> Save ./models/logs_m_2/q_2/t_2/l_0/latency_Nones/model-28000.pth
Episode: 28000 Reward: -7.049 Loss: 26.695
episode: 28500
=> Save ./models/logs_m_2/q_2/t_2/l_0/latency_Nones/model-28500.pth
Episode: 28500 Reward: -151.360 Loss: 28.742
episode: 29000
=> Save ./models/logs_m_2/q_2/t_2/l_0/latency_Nones/model-29000.pth
Episode: 29000 Reward: 48.895 Loss: 19.118
episode: 29500
=> Save ./models/logs_m_2/q_2/t_2/l_0/latency_Nones/model-29500.pth
Episode: 29500 Reward: -931.945 Loss: 36.474
episode: 30000
=> Save ./models/logs_m_2/q_2/t_2/l_0/latency_Nones/model-30000.pth
Episode: 30000 Reward: -349.172 Loss: 32.607
episode: 30500
=> Save ./models/logs_m_2/q_2/t_2/l_0/latency_Nones/model-30500.pth
Episode: 30500 Reward: -422.936 Loss: 61.146
episode: 31000
=> Save ./models/logs_m_2/q_2/t_2/l_0/latency_Nones/model-31000.pth
Episode: 31000 Reward: -929.689 Loss: 31.868
episode: 31500
=> Save ./models/logs_m_2/q_2/t_2/l_0/latency_Nones/model-31500.pth
Episode: 31500 Reward: -214.207 Loss: 22.630
episode: 32000
=> Save ./models/logs_m_2/q_2/t_2/l_0/latency_Nones/model-32000.pth
Episode: 32000 Reward: -344.275 Loss: 18.696
episode: 32500
=> Save ./models/logs_m_2/q_2/t_2/l_0/latency_Nones/model-32500.pth
Episode: 32500 Reward: 18.006 Loss: 46.473
episode: 33000
=> Save ./models/logs_m_2/q_2/t_2/l_0/latency_Nones/model-33000.pth
Episode: 33000 Reward: 171.484 Loss: 16.866
episode: 33500
=> Save ./models/logs_m_2/q_2/t_2/l_0/latency_Nones/model-33500.pth
Episode: 33500 Reward: 135.788 Loss: 21.723
episode: 34000
=> Save ./models/logs_m_2/q_2/t_2/l_0/latency_Nones/model-34000.pth
Episode: 34000 Reward: 78.959 Loss: 35.858
episode: 34500
=> Save ./models/logs_m_2/q_2/t_2/l_0/latency_Nones/model-34500.pth
Episode: 34500 Reward: -115.602 Loss: 33.631
episode: 35000
=> Save ./models/logs_m_2/q_2/t_2/l_0/latency_Nones/model-35000.pth
Episode: 35000 Reward: -812.453 Loss: 28.718
episode: 35500
=> Save ./models/logs_m_2/q_2/t_2/l_0/latency_Nones/model-35500.pth
Episode: 35500 Reward: -357.413 Loss: 31.041
episode: 36000
=> Save ./models/logs_m_2/q_2/t_2/l_0/latency_Nones/model-36000.pth
Episode: 36000 Reward: 218.456 Loss: 21.471
episode: 36500
=> Save ./models/logs_m_2/q_2/t_2/l_0/latency_Nones/model-36500.pth
Episode: 36500 Reward: 176.380 Loss: 28.820
episode: 37000
=> Save ./models/logs_m_2/q_2/t_2/l_0/latency_Nones/model-37000.pth
Episode: 37000 Reward: -145.962 Loss: 16.045
episode: 37500
=> Save ./models/logs_m_2/q_2/t_2/l_0/latency_Nones/model-37500.pth
Episode: 37500 Reward: -657.882 Loss: 16.735
episode: 38000
=> Save ./models/logs_m_2/q_2/t_2/l_0/latency_Nones/model-38000.pth
Episode: 38000 Reward: -347.111 Loss: 21.973
episode: 38500
=> Save ./models/logs_m_2/q_2/t_2/l_0/latency_Nones/model-38500.pth
Episode: 38500 Reward: 198.628 Loss: 22.453
episode: 39000
=> Save ./models/logs_m_2/q_2/t_2/l_0/latency_Nones/model-39000.pth
Episode: 39000 Reward: 163.918 Loss: 27.267
episode: 39500
=> Save ./models/logs_m_2/q_2/t_2/l_0/latency_Nones/model-39500.pth
Episode: 39500 Reward: -235.287 Loss: 40.592
episode: 40000
=> Save ./models/logs_m_2/q_2/t_2/l_0/latency_Nones/model-40000.pth
Episode: 40000 Reward: -701.894 Loss: 15.985
