player initial finish
=> Restore ./models/logs_m_2/q_2/t_2/l_0/latency_Nones/model-44000.pth
Episode starts from:  44001
episode: 44100
=> Save ./models/logs_m_2/q_2/t_2/l_0/latency_Nones/model-44100.pth
episode: 44200
=> Save ./models/logs_m_2/q_2/t_2/l_0/latency_Nones/model-44200.pth
episode: 44300
=> Save ./models/logs_m_2/q_2/t_2/l_0/latency_Nones/model-44300.pth
episode: 44400
=> Save ./models/logs_m_2/q_2/t_2/l_0/latency_Nones/model-44400.pth
episode: 44500
=> Save ./models/logs_m_2/q_2/t_2/l_0/latency_Nones/model-44500.pth
Episode: 44500 Reward: -80.488 Loss: 16.660
episode: 44600
=> Save ./models/logs_m_2/q_2/t_2/l_0/latency_Nones/model-44600.pth
episode: 44700
=> Save ./models/logs_m_2/q_2/t_2/l_0/latency_Nones/model-44700.pth
episode: 44800
=> Save ./models/logs_m_2/q_2/t_2/l_0/latency_Nones/model-44800.pth
episode: 44900
=> Save ./models/logs_m_2/q_2/t_2/l_0/latency_Nones/model-44900.pth
episode: 45000
=> Save ./models/logs_m_2/q_2/t_2/l_0/latency_Nones/model-45000.pth
Episode: 45000 Reward: -769.371 Loss: 25.440
