player initial finish
=> Restore ./models/logs_m_0/t_0/l_0/latency_Nones/model-41000.pth
Episode starts from:  41001
episode: 41100
=> Save ./models/logs_m_0/t_0/l_0/latency_Nones/model-41100.pth
episode: 41200
=> Save ./models/logs_m_0/t_0/l_0/latency_Nones/model-41200.pth
episode: 41300
=> Save ./models/logs_m_0/t_0/l_0/latency_Nones/model-41300.pth
episode: 41400
=> Save ./models/logs_m_0/t_0/l_0/latency_Nones/model-41400.pth
episode: 41500
=> Save ./models/logs_m_0/t_0/l_0/latency_Nones/model-41500.pth
episode: 41600
=> Save ./models/logs_m_0/t_0/l_0/latency_Nones/model-41600.pth
episode: 41700
=> Save ./models/logs_m_0/t_0/l_0/latency_Nones/model-41700.pth
episode: 41800
=> Save ./models/logs_m_0/t_0/l_0/latency_Nones/model-41800.pth
episode: 41900
=> Save ./models/logs_m_0/t_0/l_0/latency_Nones/model-41900.pth
episode: 42000
=> Save ./models/logs_m_0/t_0/l_0/latency_Nones/model-42000.pth
Episode: 42000 Reward: -220.609 Loss: 46.853
